    Year  Avg Error  Max Error Avg Accuracy     MSE    R2  MedAE
0   2011       4.07      72.41       94.39%   49.51  0.65   2.08
1   2012       4.08      72.88        94.4%   45.62  0.61   2.25
2   2013       3.97      55.25       92.82%   44.11  0.60   2.06
3   2014       3.56      59.17       93.98%   36.46  0.75   1.90
4   2015       3.26      68.05       95.22%   34.86  0.78   1.53
5   2016       4.66     100.36       95.36%   63.38  0.70   2.58
6   2017       4.15      72.20       94.25%   55.87  0.77   1.84
7   2018       3.94      48.67       91.91%   47.07  0.78   1.88
8   2019       4.02      60.61       93.36%   50.68  0.77   1.91
9   2020       7.35      92.04       92.02%  153.59  0.63   3.77
10  2021      11.60     184.12        93.7%  328.35  0.43   7.37
11  2022      12.37     230.10       94.62%  347.37  0.35   8.62

    FIPS  2022 Absolute Errors
0  55078                230.10
1  21011                130.00
2  39163                103.43
3  21129                100.96
4  55083                100.73
5  51670                 94.71
6  45011                 85.02
7  21153                 84.97
8  06015                 80.60
9  22125                 78.47
