    Year  Avg Error  Max Error Avg Accuracy     MSE    R2  MedAE
0   2011       5.79     100.18       94.22%   81.74  0.42   3.87
1   2012       5.67      72.14       92.14%   70.09  0.40   4.05
2   2013       5.86      78.39       92.52%   72.01  0.35   4.31
3   2014       6.43      87.57       92.66%   86.07  0.41   4.62
4   2015       6.65     112.40       94.09%   93.05  0.40   4.85
5   2016       7.83     107.68       92.73%  125.31  0.41   5.74
6   2017       8.34     126.24       93.39%  145.18  0.41   5.90
7   2018       8.18      98.80       91.72%  125.75  0.41   6.26
8   2019       8.43      97.56       91.36%  138.72  0.37   6.26
9   2020      10.78     136.70       92.11%  235.56  0.43   8.02
10  2021      12.84     161.62       92.06%  333.26  0.42   9.55
11  2022      12.44     236.83       94.75%  316.97  0.41   9.04

    FIPS  2022 Absolute Errors
0  55078                236.83
1  21011                111.99
2  54047                103.27
3  35039                 93.67
4  55083                 91.12
5  39163                 88.07
6  51670                 87.69
7  54011                 85.75
8  54081                 83.07
9  54019                 81.30
