16:23:03 2019 Feature Importance for Urban Counties:
                     Feature  Importance
   2018 Social Connectedness    0.081408
         2018 Social Capital    0.075858
        2018 Minority Status    0.074683
           2018 Unemployment    0.071994
             2018 No Vehicle    0.071582
 2018 No High School Diploma    0.069999
           2018 Mobile Homes    0.069226
2018 Single-Parent Household    0.067341
  2018 Multi-Unit Structures    0.066616
               2018 Crowding    0.062954
2018 Limited English Ability    0.062761
         2018 Group Quarters    0.060894
          2018 Below Poverty    0.058796
       2018 Aged 65 or Older    0.055987
     2018 Aged 17 or Younger    0.049900
16:23:05 2019 Feature Importance for Rural Counties:
                     Feature  Importance
   2018 Social Connectedness    0.181367
           2018 Unemployment    0.081294
         2018 Social Capital    0.080784
        2018 Minority Status    0.067139
 2018 No High School Diploma    0.063239
           2018 Mobile Homes    0.060600
             2018 No Vehicle    0.060373
2018 Single-Parent Household    0.057295
  2018 Multi-Unit Structures    0.055254
2018 Limited English Ability    0.052555
          2018 Below Poverty    0.050966
         2018 Group Quarters    0.050794
               2018 Crowding    0.049890
       2018 Aged 65 or Older    0.048042
     2018 Aged 17 or Younger    0.040408
